<?xml version="1.0" encoding="UTF-8"?>
<testsuite name="pacienteTest.TestRegistroPaciente" tests="3" skipped="0" failures="0" errors="0" timestamp="2025-10-18T16:33:54.820Z" hostname="DESKTOP-9DF6ACD" time="0.042">
  <properties/>
  <testcase name="registrarPaciente_Correcto()" classname="pacienteTest.TestRegistroPaciente" time="0.017"/>
  <testcase name="registrarPaciente_TelefonoRepetido_LanzaExcepcion()" classname="pacienteTest.TestRegistroPaciente" time="0.012"/>
  <testcase name="registrarPaciente_EmailRepetido_LanzaExcepcion()" classname="pacienteTest.TestRegistroPaciente" time="0.011"/>
  <system-out><![CDATA[]]></system-out>
  <system-err><![CDATA[]]></system-err>
</testsuite>
